-9.986698132463710520e-01
7.298777457747370745e-01
-1.220116255519571036e-01
-5.380281925579012414e-01
9.499093037101012937e-01
-9.354345895422172541e-01
5.108019934464992362e-01
1.310024613857662112e-01
-7.124254922130071055e-01
9.925375312065709554e-01
-8.641274794014253136e-01
3.891958611584806493e-01
2.357159638354915931e-01
-7.641842367830008476e-01
9.971869203830006079e-01
-8.550068676890109076e-01
3.994701870092134399e-01
1.968823951644498305e-01
-7.186947792583568972e-01
9.855270833889202553e-01
-9.118005848714713091e-01
5.303531659892863903e-01
2.495079344116174491e-02
-5.683293278093310974e-01
9.245169599512477188e-01
-9.837960461574919435e-01
7.331821461075909152e-01
-2.560703817151150363e-01
-2.972682446480289786e-01
7.575998032332107446e-01
-9.878425253848267529e-01
9.224040471190446677e-01
-5.841299434166863369e-01
7.518638321263393376e-02
4.543715266086217897e-01
-8.506595041547689862e-01
9.999589074531596289e-01
-8.604642950392623613e-01
4.733093402779956493e-01
4.978678097453254070e-02
-5.585420646870835615e-01
9.068134642121596922e-01
-9.941353796088991945e-01
7.945519590777545549e-01
-3.645910783396774102e-01
-1.721331328575138597e-01
6.597557007723447997e-01
-9.549493691554710173e-01
9.690709566953715770e-01
-6.953751266919940832e-01
2.128276520227598556e-01
3.354817301973060939e-01
-7.839053193338352266e-01
9.940962403534768788e-01
-8.983230819351687435e-01
5.225689578615024811e-01
1.877734797353697305e-02
-5.563854489460434705e-01
9.183636253644372749e-01
-9.856370654294154265e-01
7.324214087202869372e-01
-2.376738173403427079e-01
-3.378019393997101494e-01
8.026662107491773224e-01
-9.987854140896081923e-01
8.561664226377700970e-01
-4.196390757522232007e-01
-1.633786595661406160e-01
6.915319772258297082e-01
-9.789704317417405877e-01
9.216576721384642790e-01
-5.365528274374945505e-01
-4.160793227666997884e-02
6.063591660426115304e-01
-9.530397271375659063e-01
9.536470489340210799e-01
-6.053355382921024042e-01
3.372596874145850077e-02
5.514873144936651705e-01
-9.332533796525886993e-01
9.681524893542760024e-01
-6.412020915383537245e-01
7.318503340570831073e-02
5.232368231743601550e-01
-9.229134846832831585e-01
9.734997916761258807e-01
-6.542041740446754572e-01
8.510444092772576075e-02
5.173132656000359875e-01
-9.221648383393227233e-01
9.727862189221767597e-01
-6.479388003306016941e-01
7.154717570679877681e-02
5.336573042093739616e-01
-9.316072122431615643e-01
9.649911291422107462e-01
-6.181739141692124129e-01
2.564964951143500205e-02
5.786369577058885216e-01
-9.526689235668718281e-01
9.433270224373084822e-01
-5.503467978986019693e-01
-6.969785862660171638e-02
6.633887260981372602e-01
-9.826489405342955230e-01
8.888588063128055605e-01
-4.154597774717113667e-01
-2.397973885701654706e-01
7.939553004654149593e-01
-7.822631581050945027e-01
1.209750269085243968e+00
3.178169754673731973e-01
-2.023796834898056729e-01
9.258608088368819322e-01
-1.260388648160780445e+00
-2.657482341410054641e-02
-2.001068018334853926e-01
-1.011559750252221113e+00
1.137867769319869771e+00
-2.160059901531390936e-01
4.248467719999235448e-01
1.101743212928017579e+00
-9.410782146565371820e-01
4.085671926362317019e-01
-4.219866564268713316e-01
-1.224349033079431770e+00
7.411603218207651889e-01
-5.248754181104207106e-01
1.757882426391974284e-01
1.363120354783069921e+00
-5.392826490425344232e-01
4.910102328507882641e-01
2.910429822699824309e-01
-1.431799234493757123e+00
2.460718616762698763e-01
-2.240626446954263884e-01
-8.528055902921737319e-01
1.239353912126242463e+00
2.630359228143606121e-01
-2.257529551950667734e-01
1.192656552289721672e+00
-5.620361725655238505e-01
-9.287705372770561629e-01
5.007182688688515126e-01
-9.071634604707368155e-01
-5.186506273440689707e-01
1.250114155399611571e+00
-9.724514769298014949e-02
3.670909151380091773e-02
1.266916131429352443e+00
-5.862045170603300548e-01
-8.533898610876801127e-01
5.016818991729636856e-01
-8.511707087630047130e-01
-7.490036311256939028e-01
1.170646106845401935e+00
1.465028385708742054e-01
-2.336644234155983157e-01
1.267202863001589686e+00
-1.059697104258158218e-01
-8.457227386547900849e-01
8.513660906557285468e-01
9.670465087636237467e-02
-9.363177355166529825e-01
7.280097708715329574e-01
2.928208705811093382e-01
-9.867025125444841560e-01
5.863563468022581215e-01
4.595430469428585796e-01
-9.999779001254514021e-01
4.518511604259684566e-01
5.820483958470363817e-01
-9.909336610205286000e-01
3.504317500382140294e-01
6.542239497038349061e-01
-9.788074725532071030e-01
3.035787050020109512e-01
6.738769928967296430e-01
-9.784669506638198344e-01
3.265818836545446580e-01
6.350845415142812866e-01
-9.917725989107870621e-01
4.272732101970102558e-01
5.219161245511563241e-01
-9.991267325938177901e-01
6.000819809663738846e-01
3.090880678231526790e-01
-9.523082150480961516e-01
8.110502197944853275e-01
-2.271934177127954424e-02
-7.762198392397970936e-01
9.764959399283759112e-01
-4.495415171595265047e-01
-3.975811936354507470e-01
9.556232317636665918e-01
-8.517052212954392409e-01
1.799833222308777625e-01
6.011486018941384346e-01
-9.936994825925486996e-01
7.719608753368247811e-01
-9.293326228422367496e-02
-6.314944203334514894e-01
9.924408329128312500e-01
-8.085935236797956449e-01
2.004639559117959990e-01
5.020966999290193966e-01
-9.463942295063907384e-01
9.304889012196561060e-01
-4.825647776842934555e-01
-1.759722407220464246e-01
7.484972325941259275e-01
-9.977191055221386051e-01
8.372416478176022414e-01
-3.497159705129988527e-01
-2.635020011071564916e-01
7.705417059911443545e-01
-9.960613716583940347e-01
8.761444817926489215e-01
-4.674482197732254818e-01
-8.471205853182472989e-02
6.020247045681799136e-01
-9.311157860494492233e-01
9.858368806799759909e-01
-7.642151537948989048e-01
3.396068358052259373e-01
1.671268306385350344e-01
-6.238504988761742753e-01
9.211355090459922845e-01
-9.960098368673320213e-01
8.415521997471422377e-01
-5.024893314428482416e-01
6.008582352882985145e-02
3.886879802384998195e-01
-7.524789539784653147e-01
9.630279970894101149e-01
-9.860286787380291296e-01
8.243546565649578772e-01
-5.142123099687456733e-01
1.159139786398176164e-01
2.984200129690699477e-01
-6.578124731120986723e-01
9.039069371058749969e-01
-9.993993164697596576e-01
9.325270767402193961e-01
-7.173961563355966131e-01
3.905148312923073517e-01
-4.351200561135415423e-03
-3.809857953565516930e-01
7.067216689460746881e-01
-9.238534778392246682e-01
1.000000000000000000e+00
-9.238534778391417346e-01
2.613203175444527293e-01
-8.760827337800130010e-01
-2.270517867649572974e-01
7.709206597668719629e-01
-4.376906438432894841e-01
4.363628864213702219e-01
-6.761636173794549620e-01
7.484183660991808873e-01
-5.164368501274997358e-01
1.023856324024968734e-02
5.975658250367723578e-01
-8.730970640636386282e-01
5.426424901271558188e-01
-6.319871002240712299e-01
1.448203343104279561e+00
-4.476171282906620252e-01
5.563342752542382863e-01
2.479994050135477246e-01
-1.487825238849516674e-01
1.341366548461458752e+00
-7.637173415056112136e-01
5.034284815082296083e-01
-7.827872493786969255e-01
6.459462328474323556e-01
-1.371777174847254588e-01
-3.371153414632993561e-01
5.314541353126783774e-01
-4.315778800732454901e-01
2.810053282592392399e-01
-3.203164457823696187e-01
-2.050363641489522104e-02
1.233498734771995453e+00
-1.039039023971817910e+00
4.836324793107897313e-01
-6.148182384220264307e-01
-6.278343754909222474e-01
8.155279219002844471e-01
-6.187528628088537763e-01
1.174735970635913063e+00
-4.571417428034229014e-01
-7.520832794240090990e-01
1.421285197731899430e+00
-1.429589400999821569e+00
9.709208069561513499e-01
-2.973836115357494370e-01
-3.763131441918703413e-01
9.585850156113295828e-01
-1.108436195847563921e+00
-1.046899871845960017e-03
1.250738105236408604e+00
-9.936994825925430375e-01
6.011486018940610521e-01
1.799833222309791259e-01
-8.517052212955230628e-01
9.556232317636196294e-01
-3.975811936354555209e-01
-4.495415171596638393e-01
9.764959399284092179e-01
-7.762198392397323676e-01
-2.271934177138235089e-02
8.110502197945755887e-01
-9.523082150480788322e-01
3.090880678229571688e-01
6.000819809664971194e-01
-9.991267325938156807e-01
5.219161245510686165e-01
4.272732101971081775e-01
-9.917725989108072682e-01
6.350845415142017947e-01
3.265818836547388360e-01
-9.784669506638505876e-01
6.738769928966835687e-01
3.035787050021039324e-01
-9.788074725532303066e-01
6.542239497036450580e-01
3.504317500383097861e-01
-9.909336610205377038e-01
5.820483958469062635e-01
4.518511604259868308e-01
-9.999779001254522903e-01
4.595430469427069786e-01
5.863563468022625624e-01
-9.867025125444656153e-01
2.928208705810506074e-01
7.280097708716455340e-01
-9.363177355166183435e-01
9.670465087623580924e-02
8.513660906558073727e-01
-8.457227386547819803e-01
-1.059697104259069156e-01
9.386173246418199057e-01
-7.262614079454005056e-01
-2.900772844801502992e-01
9.850900999766943889e-01
-6.006532154893019504e-01
-4.351775545594372407e-01
9.995061191410979928e-01
-4.960977323908742354e-01
-5.290361638768347197e-01
9.984253193244858604e-01
-4.375140879856317389e-01
-5.653794148996664770e-01
9.971703455642328962e-01
-4.434215618146161719e-01
-5.373640881966235128e-01
9.999096528384814331e-01
-5.231609698272200459e-01
-4.311820574783276627e-01
9.903066040895980304e-01
-6.709233101566156598e-01
-2.261105850990424715e-01
9.247183344323082199e-01
-8.523919562498589730e-01
9.121544315473112396e-02
7.353891317898862967e-01
-9.870061396442548762e-01
4.926361588292634819e-01
3.593578618024625415e-01
-9.453753997632119432e-01
8.639766837164629676e-01
-1.934538324812900834e-01
-5.992865301694452196e-01
9.948173861456762745e-01
-7.559247997650665463e-01
5.197368162968202254e-02
6.763597591418003541e-01
-9.990683322164397584e-01
7.438728585930391990e-01
-7.305385880770422224e-02
-6.315396099661403362e-01
9.903075730665034104e-01
-8.252358063202515082e-01
2.368759614930608381e-01
4.658796572623018495e-01
-9.324271055844484124e-01
9.428388227222498363e-01
-5.039687681906637184e-01
-1.676284036612559203e-01
7.572824954115584539e-01
-9.996495343119577992e-01
7.939553004653181478e-01
-2.397973885701178975e-01
-4.154597774718593595e-01
8.888588063128540773e-01
-9.826489405342864192e-01
6.633887260980579903e-01
-6.969785862655281106e-02
-5.503467978987615083e-01
9.433270224373235813e-01
-9.526689235668320821e-01
5.786369577057558500e-01
2.564964951145198846e-02
-6.181739141693181061e-01
9.649911291422385018e-01
-9.316072122430919533e-01
5.336573042092844776e-01
7.154717570676261129e-02
-6.479388003306391086e-01
9.727862189222145073e-01
-9.221648383392268000e-01
5.173132655999453933e-01
8.510444092774618885e-02
-6.542041740447339659e-01
9.734997916761111147e-01
-9.229134846831656969e-01
5.232368231742214881e-01
7.318503340595558515e-02
-6.412020915384566422e-01
9.681524893542732269e-01
-9.332533796525610548e-01
5.514873144934820948e-01
3.372596874176309045e-02
-6.053355382922320782e-01
9.536470489340347356e-01
-9.530397271375252721e-01
6.063591660425923235e-01
-4.160793227653580839e-02
-5.365528274376828444e-01
9.216576721385825177e-01
-9.789704317417016188e-01
6.915319772257737529e-01
-1.633786595659801333e-01
-4.196390757522417414e-01
8.561664226378394860e-01
-9.987854140895974231e-01
8.026662107491163711e-01
-3.378019393995035924e-01
-2.376738173403869503e-01
7.324214087204001800e-01
-9.856370654294230871e-01
9.183636253643728820e-01
-5.563854489458375241e-01
1.877734797343488804e-02
5.225689578616926623e-01
-8.983230819352027163e-01
9.940962403534561176e-01
-7.839053193337871539e-01
3.354817301971863008e-01
2.128276520230055757e-01
-6.953751266920881191e-01
9.690709566954293086e-01
-9.549493691554449271e-01
6.597557007723640066e-01
-1.721331328574446096e-01
-3.645910783398288446e-01
7.945519590779115404e-01
-9.941353796089158479e-01
9.068134642121600253e-01
-5.585420646869928563e-01
4.978678097454747320e-02
4.733093402780605974e-01
-8.604642950393507350e-01
9.999589074531569644e-01
-8.506595041546909375e-01
4.543715266085940341e-01
7.518638321275361580e-02
-5.841299434166798976e-01
9.224040471190828594e-01
-9.878425253847971099e-01
7.575998032331603405e-01
-2.972682446478736584e-01
-2.560703817151417372e-01
7.331821461076943880e-01
-9.837960461574923876e-01
9.245169599512075287e-01
-5.683293278091533507e-01
2.495079344108802610e-02
5.303531659894363814e-01
-9.118005848714899608e-01
9.855270833888957194e-01
-7.186947792583402439e-01
1.968823951643320913e-01
3.994701870094146678e-01
-8.550068676890566488e-01
9.971869203829866191e-01
-7.641842367829554394e-01
2.357159638355511011e-01
3.891958611587187922e-01
-8.641274794014910388e-01
9.925375312065420896e-01
-7.124254922129328316e-01
1.310024613855662601e-01
5.108019934465672929e-01
-9.354345895422798707e-01
9.499093037100159176e-01
-5.380281925577754532e-01
-1.220116255521997151e-01
7.298777457748166775e-01
-9.986698132463706079e-01
7.933336689323403634e-01
-2.038826749748839373e-01
-4.883580894081813728e-01
9.425082952572703121e-01
-9.274925687399110386e-01
4.439825138552636608e-01
2.676621061305705096e-01
-8.441680265373452396e-01
9.854271927755287042e-01
-6.138101928341135327e-01
-7.989017970221884424e-02
7.326877330770408259e-01
-9.999861733831972854e-01
7.394515846618298083e-01
-8.829301979246302612e-02
-6.091563170341985911e-01
9.850141109256569383e-01
-8.431605615061886771e-01
2.610512781680834338e-01
4.550302953704552511e-01
-9.341551306868018933e-01
9.341271942534157269e-01
-4.617936485676826797e-01
-2.387941661151703476e-01
8.175140221092705994e-01
-9.953445676974872480e-01
6.963172059060921404e-01
-7.292115342341942696e-02
-5.786205471114482801e-01
9.633778923406999262e-01
-9.200380385997561916e-01
4.818315333399063594e-01
1.530006741141221038e-01
-7.176737892559992282e-01
9.911196000670111639e-01
-8.807444286623837826e-01
4.450835481570766250e-01
1.435304865405510333e-01
-6.729475152181353392e-01
9.689560721735955839e-01
-9.487971255835502271e-01
6.364825756992673611e-01
-1.418375683719910185e-01
-3.832745913402240134e-01
7.937737047153207159e-01
-9.899097721354597201e-01
9.367888977542927487e-01
-6.636053031594570939e-01
2.471528946114706082e-01
2.128276520229561430e-01
-6.187743524343485291e-01
8.950843934083524411e-01
-9.994958908222099092e-01
9.256882072213139523e-01
-6.986761921161511735e-01
3.655945968498078291e-01
1.536494374444019595e-02
-3.855380058296998813e-01
6.943080825212588625e-01
-9.047735120785970198e-01
9.964462131259859135e-01
-9.653430852468855017e-01
8.220931100922045376e-01
-5.887644433718304260e-01
2.950685586674808847e-01
2.552266836712280274e-02
-3.393603389772173462e-01
6.156605953359439720e-01
-8.288847002994784718e-01
9.604256920175432422e-01
-9.996272426292833746e-01
9.441898183778160147e-01
-8.000280497304917970e-01
5.806390166063473135e-01
-3.060312591992762066e-01
1.255223662846083332e-03
3.054270454642478705e-01
-5.846876530502272962e-01
8.085280503072774794e-01
-9.528228311639515002e-01
9.998635596358331767e-01
-9.406978212825305441e-01
7.770019916328345655e-01
-5.221812726682351080e-01
2.013735670858779747e-01
1.499363374720578124e-01
-4.888901708561024240e-01
7.698395898768104484e-01
-9.503037409127866875e-01
9.977397604149272903e-01
-8.962138526615586187e-01
6.517542341865412148e-01
-2.950024708015650532e-01
-1.201338695252180955e-01
5.226905564155605033e-01
-8.357553762216033411e-01
9.913456628487814504e-01
-9.465966134814254307e-01
6.976396169178686879e-01
-2.869827976192221852e-01
-1.993267255975106345e-01
6.466895696455836617e-01
-9.379582251334283027e-01
9.855337837165932813e-01
-7.611695521060943825e-01
3.133739541764976044e-01
2.363518361463085582e-01
-7.221597562494512790e-01
9.829995643072548805e-01
-9.189392861891828579e-01
5.350329655984921162e-01
4.693936464224279792e-02
-6.202108908039529744e-01
9.639543927985141369e-01
-9.310807916407207729e-01
5.180046100668286302e-01
1.179799111754702978e-01
-7.108850260086148065e-01
9.951997229119469157e-01
-8.291049840220092726e-01
2.736017924541374602e-01
4.187228463180762139e-01
-9.126633348274932889e-01
9.538656490536980836e-01
-5.071727107867215478e-01
-2.082004444367178131e-01
8.184679850531297873e-01
-9.896502588490320163e-01
6.162903544932485378e-01
1.049421599264347554e-01
-7.709513430988786942e-01
9.959147853118972549e-01
-6.397428908489036781e-01
-9.685839891633651888e-02
7.788172160854491821e-01
-9.925710368009534879e-01
6.011967663317387967e-01
1.615835620854283727e-01
-8.263923132903570057e-01
9.769871107806141763e-01
-5.145235708035732491e-01
-2.733567156142167609e-01
8.892821896790831238e-01
-9.410576003122348432e-01
3.938871015129525310e-01
4.045373914430622220e-01
-9.450941644226872329e-01
8.831695942231279073e-01
-2.590818753387528761e-01
-5.290361638769124353e-01
9.810281636380244752e-01
-8.130059090909769193e-01
1.342362434479059674e-01
6.270470053425720725e-01
-9.965415800966064275e-01
7.492817094711985426e-01
-4.306483704622426911e-02
-6.870664879045160767e-01
9.998645455565167151e-01
-7.133266167361376198e-01
5.311439620148794560e-03
7.027758582731353787e-01
-9.999347168328169833e-01
7.221231109766202971e-01
-3.640831056105151703e-02
-6.660893707569870426e-01
9.966629783619433969e-01
-7.819493918733518845e-01
1.480572091004652702e-01
5.604263958493456155e-01
-9.717645135981038962e-01
8.806469817389837029e-01
-3.443045614296156853e-01
-3.598262887859050574e-01
8.826219567719676418e-01
-9.764192139147137572e-01
6.073016743257821926e-01
4.133722106295761867e-02
-6.659287719436723929e-01
1.408365593860935183e+00
-1.357567656768712272e+00
4.246204103014665221e-01
1.701611293718681417e-01
-1.199554784698781962e+00
1.393732264932846965e+00
-7.311395543116256945e-01
7.923567681435110810e-01
1.277875718759629020e-01
-1.301631259518075456e+00
1.294207772176512172e+00
-7.090862805189863671e-01
7.247218372476822434e-01
6.810866016424161895e-01
-1.178033432477262554e+00
1.446830606360604232e+00
-4.700320030521744630e-01
7.842919334887099581e-01
-5.158956132881370449e-02
-7.287841031695588834e-01
1.169542874342479832e+00
-9.252905242924864826e-01
4.762837737994555232e-01
-1.679400629899741870e-01
7.254892457843525877e-01
-2.268157572842122716e-01
-1.151295974362072760e+00
1.398028815779502887e+00
-5.575795330857167276e-01
8.423771296322515312e-01
-1.037849891296676486e+00
6.006121697087991596e-01
-1.656706377880580727e-01
-7.213126284631584673e-01
1.286579585406581128e+00
-8.589282866608562994e-01
9.176479595156445956e-01
-1.386775681299719398e+00
1.211645437527324898e+00
-4.416902531124061171e-01
2.847855727106425316e-01
5.473060703558001450e-01
-1.065097996099342581e-01
6.264769576909298143e-01
-3.281793439594207218e-01
4.479296576849509104e-01
-5.088474164063232497e-01
1.039656862025581718e+00
-7.045716718611618745e-01
3.612174698908089954e-01
-7.254525385291322737e-01
5.827235543324985612e-01
-4.281678674945863516e-01
2.691770904206797210e-01
-1.117171371435375926e-01
-3.966408087720222492e-02
1.817261374320759959e-01
-3.123650643978230779e-01
4.304151291531399526e-01
-5.354475630967036048e-01
6.275821592633739066e-01
-7.073209133517743830e-01
7.754077697396520863e-01
-8.327149491770782230e-01
8.801540444397265572e-01
-9.186087954212852624e-01
9.488859250059762385e-01
-9.716803975896491918e-01
9.875517680631447082e-01
-9.969087844378252683e-01
1.000000000000000000e+00
-9.969087844377870766e-01
9.875517680631180628e-01
-9.716803975896630696e-01
9.488859250058373496e-01
-9.186087954211025197e-01
8.801540444393990414e-01
-8.327149491769726408e-01
7.754077697395727053e-01
-7.073209133514481994e-01
6.275821592629974299e-01
-5.354475630963138055e-01
4.304151291530250445e-01
-3.123650643976810248e-01
1.817261374313987043e-01
-3.966408087671991628e-02
-1.117171371437065130e-01
2.691770904208042325e-01
-4.281678674950210040e-01
5.827235543330568923e-01
-7.254525385296064499e-01
8.476819521814387137e-01
-9.398059802723623957e-01
9.918842718995521945e-01
-9.945196350960714415e-01
9.400122210863441907e-01
-8.237385596506956453e-01
6.456389981058185956e-01
-4.116217254044205465e-01
1.346169792054280889e-01
1.650408266360948450e-01
-4.602388760551674451e-01
7.190008020841656133e-01
-9.078268891530414386e-01
9.963513907801697655e-01
-9.628781551082672419e-01
7.999843987524150046e-01
-5.190508742128845387e-01
1.523943039137354849e-01
2.482365517946262257e-01
-6.175924306457983848e-01
8.872385514451897048e-01
-9.990693169749850222e-01
9.196131353621497251e-01
-6.517451604037622914e-01
2.401049692297720362e-01
2.328092964712241697e-01
-6.610862161644870394e-01
9.388436284507014618e-01
-9.880157474652200289e-01
7.833008692217220403e-01
-3.661846512059213632e-01
-1.584995158600713272e-01
6.458309715365315729e-01
-9.501635316433972855e-01
9.705795991487196073e-01
-6.882028251486749237e-01
1.811163982951292106e-01
3.920883004903974456e-01
-8.392633648256914158e-01
9.996610618764568690e-01
-8.052476806257707898e-01
3.143580314221953165e-01
2.994055710823540495e-01
-8.048081894978401651e-01
9.999949719665325309e-01
-7.966749214433349602e-01
2.655544786081283637e-01
3.813615101349946412e-01
-8.715138952031805664e-01
9.870072196096101314e-01
-6.659287719436927100e-01
4.133722106228548965e-02
6.073016743261161476e-01
-9.764192139148044625e-01
8.826219567717582537e-01
-3.598262887859270953e-01
-3.443045614302238100e-01
8.806469817392064137e-01
-9.717645135980541582e-01
5.604263958493680420e-01
1.480572091011305713e-01
-7.819493918737689953e-01
9.966629783619076477e-01
-6.660893707568218414e-01
-3.640831056103506491e-02
7.221231109771029111e-01
-9.999347168328120983e-01
7.027758582728361736e-01
5.311439620611813073e-03
-7.133266167361485000e-01
9.998645455565059459e-01
-6.870664879041950002e-01
-4.306483704687158465e-02
7.492817094715124027e-01
-9.965415800965845561e-01
6.270470053420673651e-01
1.342362434483225786e-01
-8.130059090913654973e-01
9.810281636380211445e-01
-5.290361638767169250e-01
-2.590818753391607165e-01
8.831695942233250829e-01
-9.450941644224575278e-01
4.045373914430756557e-01
3.938871015131447106e-01
-9.410576003123836131e-01
8.892821896787705960e-01
-2.733567156135935372e-01
-5.145235708037722011e-01
9.769871107807520660e-01
-8.263923132900981017e-01
1.615835620847697052e-01
6.011967663317270283e-01
-9.925710368009816875e-01
7.788172160851619674e-01
-9.685839891591796480e-02
-6.397428908494166011e-01
9.959147853118978100e-01
-7.709513430987183780e-01
1.049421599259794807e-01
6.162903544937741174e-01
-9.896502588491247199e-01
8.184679850531157985e-01
-2.082004444364715656e-01
-5.071727107870810380e-01
9.538656490538983679e-01
-9.126633348274071356e-01
4.187228463178637172e-01
2.736017924543420188e-01
-8.291049840222433076e-01
9.951997229118796362e-01
-7.108850260084516037e-01
1.179799111750527429e-01
5.180046100672051068e-01
-9.310807916408814222e-01
9.639543927984022265e-01
-6.202108908037861079e-01
4.693936464178366519e-02
5.350329655984631394e-01
-9.189392861894459807e-01
9.829995643072158007e-01
-7.221597562493053957e-01
2.363518361458603056e-01
3.133739541769340886e-01
-7.611695521065261483e-01
9.855337837166292525e-01
-9.379582251332756471e-01
6.466895696452331643e-01
-1.993267255970794793e-01
-2.869827976198615072e-01
6.976396169180210105e-01
-9.465966134815673172e-01
9.913456628487862243e-01
-8.357553762212377446e-01
5.226905564149748606e-01
-1.201338695250086519e-01
-2.950024708020025366e-01
6.517542341865152355e-01
-8.962138526618548262e-01
9.977397604149580435e-01
-9.503037409126448010e-01
7.698395898765306722e-01
-4.888901708561322335e-01
1.499363374713821306e-01
2.013735670861019622e-01
-5.221812726686239081e-01
7.770019916332424614e-01
-9.406978212826013763e-01
9.998635596358445010e-01
-9.528228311638869963e-01
8.085280503070205738e-01
-5.846876530500533242e-01
3.054270454635971133e-01
1.255223663302107440e-03
-3.060312591996867115e-01
5.806390166066895953e-01
-8.000280497306181404e-01
9.441898183780433884e-01
-9.996272426292953650e-01
9.604256920174241152e-01
-8.288847002991140966e-01
6.156605953357918715e-01
-3.393603389765744716e-01
2.552266836666694516e-02
2.950685586678928884e-01
-5.887644433720095050e-01
8.220931100923062340e-01
-9.653430852470035184e-01
9.964462131259501643e-01
-9.047735120784088370e-01
6.943080825211173090e-01
-3.855380058295216905e-01
1.536494374400904084e-02
3.655945968504373256e-01
-6.986761921164520439e-01
9.256882072213910018e-01
-9.994958908222042471e-01
8.950843934081571529e-01
-6.187743524340125756e-01
2.128276520227569968e-01
2.471528946116576253e-01
-6.636053031595989804e-01
9.367888977544459594e-01
-9.899097721353991020e-01
7.937737047152011449e-01
-3.832745913398289406e-01
-1.418375683724247827e-01
6.364825756996026485e-01
-9.487971255836853413e-01
9.689560721735461790e-01
-6.729475152179873465e-01
1.435304865401208496e-01
4.450835481576663755e-01
-8.807444286624804830e-01
9.911196000669840744e-01
-7.176737892558572307e-01
1.530006741136959725e-01
4.818315333404834533e-01
-9.200380385998346844e-01
9.633778923405843519e-01
-5.786205471110936749e-01
-7.292115342384947185e-02
6.963172059065596553e-01
-9.953445676975070100e-01
8.175140221090222425e-01
-2.387941661151829487e-01
-4.617936485682604952e-01
9.341271942536508721e-01
-9.341551306867290627e-01
4.550302953700712805e-01
2.610512781680708327e-01
-8.431605615065409509e-01
9.850141109256222993e-01
